<?xml version="1.0" encoding="UTF-8"?>
<testsuite xmlns:xsi="http://www.w3.org/2001/XMLSchema-instance" xsi:noNamespaceSchemaLocation="https://maven.apache.org/surefire/maven-surefire-plugin/xsd/surefire-test-report.xsd" version="3.0.1" name="runner.TestRunner" time="91.613" tests="4" errors="0" skipped="0" failures="1">
  <properties>
[...]
</properties>
  <testcase name="runScenario[&quot;Create Edit and Delete Customer&quot;, &quot;ActiTime Customer Management&quot;](1)" classname="runner.TestRunner" time="22.396">
    <system-out><![CDATA[username element is displayed and enabled
2026-08-20T09:27:00.881393200Z main ERROR Log4j API could not find a logging provider.
password textbox is displayed and enabled
keepme logged in checkbox is displayed and enabled
keepme loggedin checkbox is selected :true
User is logged into ActiTime application
navigated to task page
Customer created successfully
Customer edited successfully
Customer deleted successfully
]]></system-out>
    <system-err><![CDATA[SLF4J(W): No SLF4J providers were found.
SLF4J(W): Defaulting to no-operation (NOP) logger implementation
SLF4J(W): See https://www.slf4j.org/codes.html#noProviders for further details.
Aug 20, 2026 2:56:56 PM org.openqa.selenium.devtools.CdpVersionFinder findNearestMatch
WARNING: Unable to find an exact match for CDP version 151, returning the closest version; found: 150; Please update to a Selenium version that supports CDP version 151
]]></system-err>
  </testcase>
  <testcase name="runScenario[&quot;Create Edit and Delete Leave Type&quot;, &quot;ActiTime Leave Type Management&quot;](2)" classname="runner.TestRunner" time="26.984">
    <system-out><![CDATA[username element is displayed and enabled
password textbox is displayed and enabled
keepme logged in checkbox is displayed and enabled
keepme loggedin checkbox is selected :true
User is logged into ActiTime application
entername textfield is displayed and enabled
Leave type created successfully
Leave type edited successfully
Leave type deleted successfully
]]></system-out>
    <system-err><![CDATA[Aug 20, 2026 2:57:18 PM org.openqa.selenium.devtools.CdpVersionFinder findNearestMatch
WARNING: Unable to find an exact match for CDP version 151, returning the closest version; found: 150; Please update to a Selenium version that supports CDP version 151
]]></system-err>
  </testcase>
  <testcase name="runScenario[&quot;Create, Edit and Delete User&quot;, &quot;Login Create Edit Delete User Logout&quot;](3)" classname="runner.TestRunner" time="23.47">
    <system-out><![CDATA[username element is displayed and enabled
password textbox is displayed and enabled
keepme logged in checkbox is displayed and enabled
keepme loggedin checkbox is selected :true
user navigate to home page
navigated to User page
enter firstname textfield is displayed and enabled
enter lastname textfield is displayed and enabled
enter email textfield is displayed and enabled
enter firstname textfield is displayed and enabled
enter lastname textfield is displayed and enabled
enter email textfield is displayed and enabled
enter email textfield is displayed and enabled
]]></system-out>
    <system-err><![CDATA[Aug 20, 2026 2:57:45 PM org.openqa.selenium.devtools.CdpVersionFinder findNearestMatch
WARNING: Unable to find an exact match for CDP version 151, returning the closest version; found: 150; Please update to a Selenium version that supports CDP version 151
]]></system-err>
  </testcase>
  <testcase name="runScenario[&quot;Create Edit and Delete Type of Work&quot;, &quot;ActiTime Work Management&quot;](4)" classname="runner.TestRunner" time="17.731">
    <failure message="invalid session id&#10;Build info: version: &apos;4.46.0&apos;, revision: &apos;df5a634 df5a6341cbb5f8f06b836bd595752775627c80dc&apos;&#10;System info: os.name: &apos;Windows 11&apos;, os.arch: &apos;amd64&apos;, os.version: &apos;10.0&apos;, java.version: &apos;21.0.7&apos;&#10;Driver info: org.openqa.selenium.chrome.ChromeDriver&#10;Command: [cb96a0d88931d3453adb67200ce79d2e, findElement {using=xpath, value=//div[text()=&apos;Save &amp; Send Invitation&apos;]}]&#10;Capabilities {acceptInsecureCerts: false, browserName: chrome, browserVersion: 151.0.7922.140, chrome: {chromedriverVersion: 151.0.7922.138 (41fa8244239..., userDataDir: C:\Users\Asus\AppData\Local...}, fedcm:accounts: true, goog:chromeOptions: {debuggerAddress: localhost:54665}, goog:processID: 26636, networkConnectionEnabled: false, pageLoadStrategy: normal, platformName: windows, proxy: Proxy(), se:cdp: ws://localhost:54665/devtoo..., se:cdpVersion: 151.0.7922.140, setWindowRect: true, strictFileInteractability: false, timeouts: {implicit: 0, pageLoad: 300000, script: 30000}, unhandledPromptBehavior: dismiss and notify, webauthn:extension:credBlob: true, webauthn:extension:largeBlob: true, webauthn:extension:minPinLength: true, webauthn:extension:prf: true, webauthn:virtualAuthenticators: true}&#10;Session ID: cb96a0d88931d3453adb67200ce79d2e" type="org.openqa.selenium.NoSuchSessionException"><![CDATA[org.openqa.selenium.NoSuchSessionException: 
invalid session id
Build info: version: '4.46.0', revision: 'df5a634 df5a6341cbb5f8f06b836bd595752775627c80dc'
System info: os.name: 'Windows 11', os.arch: 'amd64', os.version: '10.0', java.version: '21.0.7'
Driver info: org.openqa.selenium.chrome.ChromeDriver
Command: [cb96a0d88931d3453adb67200ce79d2e, findElement {using=xpath, value=//div[text()='Save & Send Invitation']}]
Capabilities {acceptInsecureCerts: false, browserName: chrome, browserVersion: 151.0.7922.140, chrome: {chromedriverVersion: 151.0.7922.138 (41fa8244239..., userDataDir: C:\Users\Asus\AppData\Local...}, fedcm:accounts: true, goog:chromeOptions: {debuggerAddress: localhost:54665}, goog:processID: 26636, networkConnectionEnabled: false, pageLoadStrategy: normal, platformName: windows, proxy: Proxy(), se:cdp: ws://localhost:54665/devtoo..., se:cdpVersion: 151.0.7922.140, setWindowRect: true, strictFileInteractability: false, timeouts: {implicit: 0, pageLoad: 300000, script: 30000}, unhandledPromptBehavior: dismiss and notify, webauthn:extension:credBlob: true, webauthn:extension:largeBlob: true, webauthn:extension:minPinLength: true, webauthn:extension:prf: true, webauthn:virtualAuthenticators: true}
Session ID: cb96a0d88931d3453adb67200ce79d2e
	at org.openqa.selenium.remote.ErrorCodec.decode(ErrorCodec.java:169)
	at org.openqa.selenium.remote.codec.w3c.W3CHttpResponseCodec.decode(W3CHttpResponseCodec.java:143)
	at org.openqa.selenium.remote.codec.w3c.W3CHttpResponseCodec.decode(W3CHttpResponseCodec.java:50)
	at org.openqa.selenium.remote.HttpCommandExecutor.execute(HttpCommandExecutor.java:196)
	at org.openqa.selenium.remote.service.DriverCommandExecutor.invokeExecute(DriverCommandExecutor.java:217)
	at org.openqa.selenium.remote.service.DriverCommandExecutor.execute(DriverCommandExecutor.java:175)
	at org.openqa.selenium.remote.RemoteWebDriver.execute(RemoteWebDriver.java:626)
	at org.openqa.selenium.remote.ElementLocation$ElementFinder$2.findElement(ElementLocation.java:173)
	at org.openqa.selenium.remote.ElementLocation.findElement(ElementLocation.java:60)
	at org.openqa.selenium.remote.RemoteWebDriver.findElement(RemoteWebDriver.java:406)
	at org.openqa.selenium.remote.RemoteWebDriver.findElement(RemoteWebDriver.java:400)
	at org.openqa.selenium.support.pagefactory.DefaultElementLocator.findElement(DefaultElementLocator.java:69)
	at org.openqa.selenium.support.pagefactory.internal.LocatingElementHandler.invoke(LocatingElementHandler.java:38)
	at jdk.proxy2/jdk.proxy2.$Proxy20.getWrappedElement(Unknown Source)
	at org.openqa.selenium.remote.WebElementToJsonConverter.apply(WebElementToJsonConverter.java:50)
	at java.base/java.util.stream.ReferencePipeline$3$1.accept(ReferencePipeline.java:197)
	at java.base/java.util.Spliterators$ArraySpliterator.forEachRemaining(Spliterators.java:1024)
	at java.base/java.util.stream.AbstractPipeline.copyInto(AbstractPipeline.java:509)
	at java.base/java.util.stream.AbstractPipeline.wrapAndCopyInto(AbstractPipeline.java:499)
	at java.base/java.util.stream.ReduceOps$ReduceOp.evaluateSequential(ReduceOps.java:921)
	at java.base/java.util.stream.AbstractPipeline.evaluate(AbstractPipeline.java:234)
	at java.base/java.util.stream.ReferencePipeline.collect(ReferencePipeline.java:682)
	at org.openqa.selenium.remote.RemoteWebDriver.executeScript(RemoteWebDriver.java:553)
	at com.actitime.pages.AddUserPage.clickOnSave(AddUserPage.java:70)
	at stepDefinition.LoginCreateEditDeleteUserLogout.user_clicks_on_save_button(LoginCreateEditDeleteUserLogout.java:43)
	at ✽.User clicks on Save button(file:///C:/Users/Asus/OneDrive/Desktop/selenium%20practice/bddActitime/src/test/resources/features/LoginCreateEditDeleteWorkLogout.feature:11)
]]></failure>
    <system-out><![CDATA[username element is displayed and enabled
password textbox is displayed and enabled
keepme logged in checkbox is displayed and enabled
keepme loggedin checkbox is selected :true
User is logged into ActiTime application
entername textfield is displayed and enabled
]]></system-out>
    <system-err><![CDATA[Aug 20, 2026 2:58:08 PM org.openqa.selenium.devtools.CdpVersionFinder findNearestMatch
WARNING: Unable to find an exact match for CDP version 151, returning the closest version; found: 150; Please update to a Selenium version that supports CDP version 151
]]></system-err>
  </testcase>
</testsuite>