<?xml version="1.0" encoding="UTF-8"?>
<testng-results ignored="0" total="4" passed="4" failed="0" skipped="0">
  <reporter-output>
  </reporter-output>
  <suite started-at="2026-08-20T16:19:43 IST" name="Default suite" finished-at="2026-08-20T16:21:32 IST" duration-ms="108831">
    <groups>
      <group name="cucumber">
        <method signature="AbstractTestNGCucumberTests.runScenario(io.cucumber.testng.PickleWrapper,io.cucumber.testng.FeatureWrapper)[pri:0, instance:runner.TestRunner@2df3b89c]" name="runScenario" class="io.cucumber.testng.AbstractTestNGCucumberTests"/>
      </group> <!-- cucumber -->
    </groups>
    <test started-at="2026-08-20T16:19:43 IST" name="Default test" finished-at="2026-08-20T16:21:32 IST" duration-ms="108831">
      <class name="runner.TestRunner">
        <test-method is-config="true" signature="setUpClass(org.testng.ITestContext)[pri:0, instance:runner.TestRunner@2df3b89c]" started-at="2026-08-20T16:19:43 IST" name="setUpClass" finished-at="2026-08-20T16:19:43 IST" duration-ms="281" status="PASS">
          <params>
            <param index="0">
              <value>
                <![CDATA[org.testng.TestRunner@44de8e00]]>
              </value>
            </param>
          </params>
          <reporter-output>
          </reporter-output>
        </test-method> <!-- setUpClass -->
        <test-method signature="runScenario(io.cucumber.testng.PickleWrapper,io.cucumber.testng.FeatureWrapper)[pri:0, instance:runner.TestRunner@2df3b89c]" started-at="2026-08-20T16:19:43 IST" name="runScenario" description="Runs Cucumber Scenarios" data-provider="scenarios" finished-at="2026-08-20T16:20:06 IST" duration-ms="23403" status="PASS">
          <params>
            <param index="0">
              <value>
                <![CDATA["Create Edit and Delete Customer"]]>
              </value>
            </param>
            <param index="1">
              <value>
                <![CDATA["ActiTime Customer Management"]]>
              </value>
            </param>
          </params>
          <reporter-output>
          </reporter-output>
        </test-method> <!-- runScenario -->
        <test-method signature="runScenario(io.cucumber.testng.PickleWrapper,io.cucumber.testng.FeatureWrapper)[pri:0, instance:runner.TestRunner@2df3b89c]" started-at="2026-08-20T16:20:06 IST" name="runScenario" description="Runs Cucumber Scenarios" data-provider="scenarios" finished-at="2026-08-20T16:20:37 IST" duration-ms="30428" status="PASS">
          <params>
            <param index="0">
              <value>
                <![CDATA["Create Edit and Delete Leave Type"]]>
              </value>
            </param>
            <param index="1">
              <value>
                <![CDATA["ActiTime Leave Type Management"]]>
              </value>
            </param>
          </params>
          <reporter-output>
          </reporter-output>
        </test-method> <!-- runScenario -->
        <test-method signature="runScenario(io.cucumber.testng.PickleWrapper,io.cucumber.testng.FeatureWrapper)[pri:0, instance:runner.TestRunner@2df3b89c]" started-at="2026-08-20T16:20:37 IST" name="runScenario" description="Runs Cucumber Scenarios" data-provider="scenarios" finished-at="2026-08-20T16:21:00 IST" duration-ms="23036" status="PASS">
          <params>
            <param index="0">
              <value>
                <![CDATA["Create, Edit and Delete User"]]>
              </value>
            </param>
            <param index="1">
              <value>
                <![CDATA["Login Create Edit Delete User Logout"]]>
              </value>
            </param>
          </params>
          <reporter-output>
          </reporter-output>
        </test-method> <!-- runScenario -->
        <test-method signature="runScenario(io.cucumber.testng.PickleWrapper,io.cucumber.testng.FeatureWrapper)[pri:0, instance:runner.TestRunner@2df3b89c]" started-at="2026-08-20T16:21:00 IST" name="runScenario" description="Runs Cucumber Scenarios" data-provider="scenarios" finished-at="2026-08-20T16:21:31 IST" duration-ms="31620" status="PASS">
          <params>
            <param index="0">
              <value>
                <![CDATA["Create Edit and Delete Type of Work"]]>
              </value>
            </param>
            <param index="1">
              <value>
                <![CDATA["ActiTime Work Management"]]>
              </value>
            </param>
          </params>
          <reporter-output>
          </reporter-output>
        </test-method> <!-- runScenario -->
        <test-method is-config="true" signature="tearDownClass()[pri:0, instance:runner.TestRunner@2df3b89c]" started-at="2026-08-20T16:21:31 IST" name="tearDownClass" finished-at="2026-08-20T16:21:32 IST" duration-ms="3" status="PASS">
          <reporter-output>
          </reporter-output>
        </test-method> <!-- tearDownClass -->
      </class> <!-- runner.TestRunner -->
    </test> <!-- Default test -->
  </suite> <!-- Default suite -->
</testng-results>
