<?xml version="1.0" encoding="UTF-8"?>
<!-- Generated by org.testng.reporters.JUnitReportReporter -->
<testsuite hostname="Ronin" failures="0" tests="4" name="runner.TestRunner" time="108.487" errors="0" timestamp="2026-08-20T16:21:32 IST" skipped="0">
  <testcase classname="runner.TestRunner" name="runScenario" time="23.403"/>
  <testcase classname="runner.TestRunner" name="runScenario" time="23.036"/>
  <testcase classname="runner.TestRunner" name="runScenario" time="31.620"/>
  <testcase classname="runner.TestRunner" name="runScenario" time="30.428"/>
</testsuite> <!-- runner.TestRunner -->
