<?xml version="1.0" encoding="UTF-8"?>
<!-- Generated by org.testng.reporters.JUnitReportReporter -->
<testsuite hostname="Ronin" failures="0" tests="4" name="runner.TestRunner" time="90.575" errors="1" timestamp="2026-08-20T14:58:25 IST" skipped="0">
  <testcase classname="runner.TestRunner" name="runScenario" time="17.727">
    <error message="invalid session id
Build info: version: &#039;4.46.0&#039;, revision: &#039;df5a634 df5a6341cbb5f8f06b836bd595752775627c80dc&#039;
System info: os.name: &#039;Windows 11&#039;, os.arch: &#039;amd64&#039;, os.version: &#039;10.0&#039;, java.version: &#039;21.0.7&#039;
Driver info: org.openqa.selenium.chrome.ChromeDriver
Command: [cb96a0d88931d3453adb67200ce79d2e, findElement {using=xpath, value=//div[text()=&#039;Save &amp; Send Invitation&#039;]}]
Capabilities {acceptInsecureCerts: false, browserName: chrome, browserVersion: 151.0.7922.140, chrome: {chromedriverVersion: 151.0.7922.138 (41fa8244239..., userDataDir: C:\Users\Asus\AppData\Local...}, fedcm:accounts: true, goog:chromeOptions: {debuggerAddress: localhost:54665}, goog:processID: 26636, networkConnectionEnabled: false, pageLoadStrategy: normal, platformName: windows, proxy: Proxy(), se:cdp: ws://localhost:54665/devtoo..., se:cdpVersion: 151.0.7922.140, setWindowRect: true, strictFileInteractability: false, timeouts: {implicit: 0, pageLoad: 300000, script: 30000}, unhandledPromptBehavior: dismiss and notify, webauthn:extension:credBlob: true, webauthn:extension:largeBlob: true, webauthn:extension:minPinLength: true, webauthn:extension:prf: true, webauthn:virtualAuthenticators: true}
Session ID: cb96a0d88931d3453adb67200ce79d2e" type="org.openqa.selenium.NoSuchSessionException">
      <![CDATA[org.openqa.selenium.NoSuchSessionException: invalid session id
Build info: version: '4.46.0', revision: 'df5a634 df5a6341cbb5f8f06b836bd595752775627c80dc'
System info: os.name: 'Windows 11', os.arch: 'amd64', os.version: '10.0', java.version: '21.0.7'
Driver info: org.openqa.selenium.chrome.ChromeDriver
Command: [cb96a0d88931d3453adb67200ce79d2e, findElement {using=xpath, value=//div[text()='Save & Send Invitation']}]
Capabilities {acceptInsecureCerts: false, browserName: chrome, browserVersion: 151.0.7922.140, chrome: {chromedriverVersion: 151.0.7922.138 (41fa8244239..., userDataDir: C:\Users\Asus\AppData\Local...}, fedcm:accounts: true, goog:chromeOptions: {debuggerAddress: localhost:54665}, goog:processID: 26636, networkConnectionEnabled: false, pageLoadStrategy: normal, platformName: windows, proxy: Proxy(), se:cdp: ws://localhost:54665/devtoo..., se:cdpVersion: 151.0.7922.140, setWindowRect: true, strictFileInteractability: false, timeouts: {implicit: 0, pageLoad: 300000, script: 30000}, unhandledPromptBehavior: dismiss and notify, webauthn:extension:credBlob: true, webauthn:extension:largeBlob: true, webauthn:extension:minPinLength: true, webauthn:extension:prf: true, webauthn:virtualAuthenticators: true}
Session ID: cb96a0d88931d3453adb67200ce79d2e
at org.openqa.selenium.remote.ErrorCodec.decode(ErrorCodec.java:169)
at org.openqa.selenium.remote.codec.w3c.W3CHttpResponseCodec.decode(W3CHttpResponseCodec.java:143)
at org.openqa.selenium.remote.codec.w3c.W3CHttpResponseCodec.decode(W3CHttpResponseCodec.java:50)
at org.openqa.selenium.remote.HttpCommandExecutor.execute(HttpCommandExecutor.java:196)
at org.openqa.selenium.remote.service.DriverCommandExecutor.invokeExecute(DriverCommandExecutor.java:217)
at org.openqa.selenium.remote.service.DriverCommandExecutor.execute(DriverCommandExecutor.java:175)
at org.openqa.selenium.remote.RemoteWebDriver.execute(RemoteWebDriver.java:626)
at org.openqa.selenium.remote.ElementLocation$ElementFinder$2.findElement(ElementLocation.java:173)
at org.openqa.selenium.remote.ElementLocation.findElement(ElementLocation.java:60)
at org.openqa.selenium.remote.RemoteWebDriver.findElement(RemoteWebDriver.java:406)
at org.openqa.selenium.remote.RemoteWebDriver.findElement(RemoteWebDriver.java:400)
at org.openqa.selenium.support.pagefactory.DefaultElementLocator.findElement(DefaultElementLocator.java:69)
at org.openqa.selenium.support.pagefactory.internal.LocatingElementHandler.invoke(LocatingElementHandler.java:38)
at jdk.proxy2/jdk.proxy2.$Proxy20.getWrappedElement(Unknown Source)
at org.openqa.selenium.remote.WebElementToJsonConverter.apply(WebElementToJsonConverter.java:50)
at java.base/java.util.stream.ReferencePipeline$3$1.accept(ReferencePipeline.java:197)
at java.base/java.util.Spliterators$ArraySpliterator.forEachRemaining(Spliterators.java:1024)
at java.base/java.util.stream.AbstractPipeline.copyInto(AbstractPipeline.java:509)
at java.base/java.util.stream.AbstractPipeline.wrapAndCopyInto(AbstractPipeline.java:499)
at java.base/java.util.stream.ReduceOps$ReduceOp.evaluateSequential(ReduceOps.java:921)
at java.base/java.util.stream.AbstractPipeline.evaluate(AbstractPipeline.java:234)
at java.base/java.util.stream.ReferencePipeline.collect(ReferencePipeline.java:682)
at org.openqa.selenium.remote.RemoteWebDriver.executeScript(RemoteWebDriver.java:553)
at com.actitime.pages.AddUserPage.clickOnSave(AddUserPage.java:70)
at stepDefinition.LoginCreateEditDeleteUserLogout.user_clicks_on_save_button(LoginCreateEditDeleteUserLogout.java:43)
at ✽.User clicks on Save button(file:///C:/Users/Asus/OneDrive/Desktop/selenium%20practice/bddActitime/src/test/resources/features/LoginCreateEditDeleteWorkLogout.feature:11)
]]>
    </error>
  </testcase> <!-- runScenario -->
  <testcase classname="runner.TestRunner" name="runScenario" time="22.394"/>
  <testcase classname="runner.TestRunner" name="runScenario" time="26.985"/>
  <testcase classname="runner.TestRunner" name="runScenario" time="23.469"/>
</testsuite> <!-- runner.TestRunner -->
